{
  "0 debug pnpm:scope": {
    "selected": 1
  },
  "1 error pnpm": {
    "errno": 1,
    "code": "ELIFECYCLE",
    "pkgid": "one@0.0.1",
    "stage": "prepare",
    "script": "npx husky install",
    "pkgname": "one",
    "err": {
      "name": "pnpm",
      "message": "one@0.0.1 prepare: `npx husky install`\nExit status 1",
      "code": "ELIFECYCLE",
      "stack": "pnpm: one@0.0.1 prepare: `npx husky install`\nExit status 1\n    at EventEmitter.<anonymous> (C:\\Users\\lianfu\\Documents\\installer\\nvm\\v17.1.0\\node_modules\\pnpm\\dist\\pnpm.cjs:103432:20)\n    at EventEmitter.emit (node:events:390:28)\n    at ChildProcess.<anonymous> (C:\\Users\\lianfu\\Documents\\installer\\nvm\\v17.1.0\\node_modules\\pnpm\\dist\\pnpm.cjs:91361:18)\n    at ChildProcess.emit (node:events:390:28)\n    at maybeClose (node:internal/child_process:1062:16)\n    at Process.ChildProcess._handle.onexit (node:internal/child_process:301:5)"
    }
  },
  "2 warn pnpm:global": " Local package.json exists, but node_modules missing, did you mean to install?"
}